<?xml version="1.0" encoding="UTF-8"?>
<!-- Generated by org.testng.reporters.JUnitXMLReporter -->
<testsuite hostname="LAPTOP-TTRES0RJ" ignored="0" name="HybridFrameworkTest" tests="3" failures="0" timestamp="2021-05-11T10:05:33 CDT" time="35.579" errors="0">
  <testcase name="searchDataDrivenTest" time="4.694" classname="com.qa.linkedin.testcases.SearchDataDrivenTest"/>
  <testcase name="searchDataDrivenTest" time="12.61" classname="com.qa.linkedin.testcases.SearchDataDrivenTest"/>
  <testcase name="searchDataDrivenTest" time="12.604" classname="com.qa.linkedin.testcases.SearchDataDrivenTest"/>
</testsuite> <!-- HybridFrameworkTest -->
