<?xml version="1.0" encoding="UTF-8"?>
<!-- Generated by org.testng.reporters.JUnitXMLReporter -->
<testsuite hostname="LAPTOP-TTRES0RJ" ignored="0" name="HybridFrameworkTest" tests="3" failures="0" timestamp="2021-05-10T21:45:27 CDT" time="51.291" errors="0">
  <testcase name="searchDataDrivenTest" time="8.734" classname="com.qa.linkedin.testcases.SearchDataDrivenTest"/>
  <testcase name="searchDataDrivenTest" time="12.517" classname="com.qa.linkedin.testcases.SearchDataDrivenTest"/>
  <testcase name="searchDataDrivenTest" time="12.61" classname="com.qa.linkedin.testcases.SearchDataDrivenTest"/>
</testsuite> <!-- HybridFrameworkTest -->
