<?xml version="1.0" encoding="UTF-8"?>
<!-- Generated by org.testng.reporters.JUnitXMLReporter -->
<testsuite hostname="LAPTOP-TTRES0RJ" ignored="0" name="Default test" tests="3" failures="0" timestamp="2021-05-10T23:51:23 CDT" time="42.035" errors="0">
  <testcase name="searchDataDrivenTest" time="7.003" classname="com.qa.linkedin.testcases.SearchDataDrivenTest"/>
  <testcase name="searchDataDrivenTest" time="13.151" classname="com.qa.linkedin.testcases.SearchDataDrivenTest"/>
  <testcase name="searchDataDrivenTest" time="13.308" classname="com.qa.linkedin.testcases.SearchDataDrivenTest"/>
</testsuite> <!-- Default test -->
