<?xml version="1.0" encoding="UTF-8"?>
<testng-results skipped="0" failed="0" ignored="0" total="3" passed="3">
  <reporter-output>
  </reporter-output>
  <suite name="HybridFrameworkSuite" duration-ms="35579" started-at="2021-05-11T10:04:57 CDT" finished-at="2021-05-11T10:05:33 CDT">
    <groups>
    </groups>
    <test name="HybridFrameworkTest" duration-ms="35579" started-at="2021-05-11T10:04:57 CDT" finished-at="2021-05-11T10:05:33 CDT">
      <class name="com.qa.linkedin.testcases.SearchDataDrivenTest">
        <test-method status="PASS" signature="setup()[pri:0, instance:com.qa.linkedin.testcases.SearchDataDrivenTest@376b4233]" name="setup" is-config="true" duration-ms="3106" started-at="2021-05-11T10:04:54 CDT" finished-at="2021-05-11T10:04:57 CDT">
          <reporter-output>
          </reporter-output>
        </test-method> <!-- setup -->
        <test-method status="PASS" signature="beforeClass()[pri:0, instance:com.qa.linkedin.testcases.SearchDataDrivenTest@376b4233]" name="beforeClass" is-config="true" duration-ms="4233" started-at="2021-05-11T10:04:57 CDT" finished-at="2021-05-11T10:05:02 CDT">
          <reporter-output>
          </reporter-output>
        </test-method> <!-- beforeClass -->
        <test-method status="PASS" signature="searchDataDrivenTest(java.lang.String)[pri:0, instance:com.qa.linkedin.testcases.SearchDataDrivenTest@376b4233]" name="searchDataDrivenTest" duration-ms="4694" started-at="2021-05-11T10:05:02 CDT" data-provider="getData" finished-at="2021-05-11T10:05:07 CDT">
          <params>
            <param index="0">
              <value>
                <![CDATA[Sahith]]>
              </value>
            </param>
          </params>
          <reporter-output>
          </reporter-output>
        </test-method> <!-- searchDataDrivenTest -->
        <test-method status="PASS" signature="searchDataDrivenTest(java.lang.String)[pri:0, instance:com.qa.linkedin.testcases.SearchDataDrivenTest@376b4233]" name="searchDataDrivenTest" duration-ms="12610" started-at="2021-05-11T10:05:07 CDT" data-provider="getData" finished-at="2021-05-11T10:05:20 CDT">
          <params>
            <param index="0">
              <value>
                <![CDATA[sitha]]>
              </value>
            </param>
          </params>
          <reporter-output>
          </reporter-output>
        </test-method> <!-- searchDataDrivenTest -->
        <test-method status="PASS" signature="searchDataDrivenTest(java.lang.String)[pri:0, instance:com.qa.linkedin.testcases.SearchDataDrivenTest@376b4233]" name="searchDataDrivenTest" duration-ms="12604" started-at="2021-05-11T10:05:20 CDT" data-provider="getData" finished-at="2021-05-11T10:05:32 CDT">
          <params>
            <param index="0">
              <value>
                <![CDATA[Rama]]>
              </value>
            </param>
          </params>
          <reporter-output>
          </reporter-output>
        </test-method> <!-- searchDataDrivenTest -->
        <test-method status="PASS" signature="afterClass()[pri:0, instance:com.qa.linkedin.testcases.SearchDataDrivenTest@376b4233]" name="afterClass" is-config="true" duration-ms="875" started-at="2021-05-11T10:05:32 CDT" finished-at="2021-05-11T10:05:33 CDT">
          <reporter-output>
          </reporter-output>
        </test-method> <!-- afterClass -->
        <test-method status="PASS" signature="tearDown()[pri:0, instance:com.qa.linkedin.testcases.SearchDataDrivenTest@376b4233]" name="tearDown" is-config="true" duration-ms="697" started-at="2021-05-11T10:05:33 CDT" finished-at="2021-05-11T10:05:34 CDT">
          <reporter-output>
          </reporter-output>
        </test-method> <!-- tearDown -->
      </class> <!-- com.qa.linkedin.testcases.SearchDataDrivenTest -->
    </test> <!-- HybridFrameworkTest -->
  </suite> <!-- HybridFrameworkSuite -->
</testng-results>
