<?xml version="1.0" encoding="UTF-8"?>
<testng-results skipped="0" failed="0" ignored="0" total="3" passed="3">
  <reporter-output>
  </reporter-output>
  <suite name="Default suite" duration-ms="42035" started-at="2021-05-10T23:50:41 CDT" finished-at="2021-05-10T23:51:23 CDT">
    <groups>
    </groups>
    <test name="Default test" duration-ms="42035" started-at="2021-05-10T23:50:41 CDT" finished-at="2021-05-10T23:51:23 CDT">
      <class name="com.qa.linkedin.testcases.SearchDataDrivenTest">
        <test-method status="PASS" signature="setup()[pri:0, instance:com.qa.linkedin.testcases.SearchDataDrivenTest@5ed828d]" name="setup" is-config="true" duration-ms="3443" started-at="2021-05-10T23:50:38 CDT" finished-at="2021-05-10T23:50:41 CDT">
          <reporter-output>
          </reporter-output>
        </test-method> <!-- setup -->
        <test-method status="PASS" signature="beforeClass()[pri:0, instance:com.qa.linkedin.testcases.SearchDataDrivenTest@5ed828d]" name="beforeClass" is-config="true" duration-ms="6331" started-at="2021-05-10T23:50:41 CDT" finished-at="2021-05-10T23:50:48 CDT">
          <reporter-output>
          </reporter-output>
        </test-method> <!-- beforeClass -->
        <test-method status="PASS" signature="searchDataDrivenTest(java.lang.String)[pri:0, instance:com.qa.linkedin.testcases.SearchDataDrivenTest@5ed828d]" name="searchDataDrivenTest" duration-ms="7003" started-at="2021-05-10T23:50:48 CDT" data-provider="getData" finished-at="2021-05-10T23:50:55 CDT">
          <params>
            <param index="0">
              <value>
                <![CDATA[Sahith]]>
              </value>
            </param>
          </params>
          <reporter-output>
          </reporter-output>
        </test-method> <!-- searchDataDrivenTest -->
        <test-method status="PASS" signature="searchDataDrivenTest(java.lang.String)[pri:0, instance:com.qa.linkedin.testcases.SearchDataDrivenTest@5ed828d]" name="searchDataDrivenTest" duration-ms="13151" started-at="2021-05-10T23:50:55 CDT" data-provider="getData" finished-at="2021-05-10T23:51:08 CDT">
          <params>
            <param index="0">
              <value>
                <![CDATA[sitha]]>
              </value>
            </param>
          </params>
          <reporter-output>
          </reporter-output>
        </test-method> <!-- searchDataDrivenTest -->
        <test-method status="PASS" signature="searchDataDrivenTest(java.lang.String)[pri:0, instance:com.qa.linkedin.testcases.SearchDataDrivenTest@5ed828d]" name="searchDataDrivenTest" duration-ms="13308" started-at="2021-05-10T23:51:08 CDT" data-provider="getData" finished-at="2021-05-10T23:51:22 CDT">
          <params>
            <param index="0">
              <value>
                <![CDATA[Rama]]>
              </value>
            </param>
          </params>
          <reporter-output>
          </reporter-output>
        </test-method> <!-- searchDataDrivenTest -->
        <test-method status="PASS" signature="afterClass()[pri:0, instance:com.qa.linkedin.testcases.SearchDataDrivenTest@5ed828d]" name="afterClass" is-config="true" duration-ms="1536" started-at="2021-05-10T23:51:22 CDT" finished-at="2021-05-10T23:51:23 CDT">
          <reporter-output>
          </reporter-output>
        </test-method> <!-- afterClass -->
        <test-method status="PASS" signature="tearDown()[pri:0, instance:com.qa.linkedin.testcases.SearchDataDrivenTest@5ed828d]" name="tearDown" is-config="true" duration-ms="686" started-at="2021-05-10T23:51:23 CDT" finished-at="2021-05-10T23:51:24 CDT">
          <reporter-output>
          </reporter-output>
        </test-method> <!-- tearDown -->
      </class> <!-- com.qa.linkedin.testcases.SearchDataDrivenTest -->
    </test> <!-- Default test -->
  </suite> <!-- Default suite -->
</testng-results>
